<?xml version="1.0" encoding="UTF-8"?>
<!-- Generated by org.testng.reporters.JUnitReportReporter -->
<testsuite hostname="ArpitasPC" name="testCases.EnterUserNameTest" tests="3" failures="0" timestamp="13 Sep 2019 07:04:14 GMT" time="38.039" errors="0">
  <testcase name="loginPageValidateTitle" time="13.674" classname="testCases.EnterUserNameTest"/>
  <testcase name="loginPageGoogleLogoTest" time="11.157" classname="testCases.EnterUserNameTest"/>
  <testcase name="loginTest" time="13.208" classname="testCases.EnterUserNameTest"/>
</testsuite> <!-- testCases.EnterUserNameTest -->
