<?xml version="1.0" encoding="UTF-8"?>
<!-- Generated by org.testng.reporters.JUnitReportReporter -->
<testsuite hostname="ArpitasPC" name="testCases.EnterPasswordTest" tests="4" failures="0" timestamp="15 Sep 2019 02:07:40 GMT" time="62.072" errors="0">
  <testcase name="verifyUserNameTest" time="16.608" classname="testCases.EnterPasswordTest"/>
  <testcase name="clickForgotPwdLinkTest" time="14.283" classname="testCases.EnterPasswordTest"/>
  <testcase name="verifyPasswordPageTitleTest" time="13.980" classname="testCases.EnterPasswordTest"/>
  <testcase name="loginTest" time="17.201" classname="testCases.EnterPasswordTest"/>
</testsuite> <!-- testCases.EnterPasswordTest -->
