<?xml version="1.0" encoding="UTF-8"?>
<!-- Generated by org.testng.reporters.JUnitReportReporter -->
<testsuite hostname="ArpitasPC" name="testCases.GCRCreateNewAccountTest" tests="1" failures="0" timestamp="17 Sep 2019 10:26:21 GMT" time="14.917" errors="0">
  <testcase name="createUserAccountTest" time="14.917" classname="testCases.GCRCreateNewAccountTest"/>
</testsuite> <!-- testCases.GCRCreateNewAccountTest -->
