<?xml version="1.0" encoding="UTF-8"?>
<!-- Generated by org.testng.reporters.JUnitReportReporter -->
<testsuite hostname="ArpitasPC" name="testCases.GCRCatalogPageTest" tests="5" failures="0" timestamp="19 Sep 2019 01:24:29 GMT" time="77.271" errors="0">
  <testcase name="verifyUserLoggedInTest" time="15.556" classname="testCases.GCRCatalogPageTest"/>
  <testcase name="verifyCatalogPageTitleTest" time="16.208" classname="testCases.GCRCatalogPageTest"/>
  <testcase name="clickCheckOutBtnTest" time="14.604" classname="testCases.GCRCatalogPageTest"/>
  <testcase name="clickShoppingCartLinkTest" time="15.359" classname="testCases.GCRCatalogPageTest"/>
  <testcase name="clickCartBtnTest" time="15.544" classname="testCases.GCRCatalogPageTest"/>
</testsuite> <!-- testCases.GCRCatalogPageTest -->
